[1.086s] Invoking command in '/home/robot/ws_aprendendo_ros2/src/my_first': PYTHONPATH=/home/robot/ws_aprendendo_ros2/src/build/my_first/prefix_override:/home/robot/ws_aprendendo_ros2/src/install/my_first/lib/python3.10/site-packages:${PYTHONPATH} /usr/bin/python3 setup.py egg_info --egg-base ../build/my_first build --build-base /home/robot/ws_aprendendo_ros2/src/build/my_first/build install --record /home/robot/ws_aprendendo_ros2/src/build/my_first/install.log --single-version-externally-managed
[1.535s] running egg_info
[1.537s] creating ../build/my_first/my_first.egg-info
[1.539s] writing ../build/my_first/my_first.egg-info/PKG-INFO
[1.542s] writing dependency_links to ../build/my_first/my_first.egg-info/dependency_links.txt
[1.544s] writing entry points to ../build/my_first/my_first.egg-info/entry_points.txt
[1.546s] writing requirements to ../build/my_first/my_first.egg-info/requires.txt
[1.548s] writing top-level names to ../build/my_first/my_first.egg-info/top_level.txt
[1.550s] writing manifest file '../build/my_first/my_first.egg-info/SOURCES.txt'
[1.554s] reading manifest file '../build/my_first/my_first.egg-info/SOURCES.txt'
[1.556s] writing manifest file '../build/my_first/my_first.egg-info/SOURCES.txt'
[1.558s] running build
[1.560s] running build_py
[1.561s] creating /home/robot/ws_aprendendo_ros2/src/build/my_first/build
[1.563s] creating /home/robot/ws_aprendendo_ros2/src/build/my_first/build/lib
[1.564s] creating /home/robot/ws_aprendendo_ros2/src/build/my_first/build/lib/my_first
[1.566s] copying my_first/__init__.py -> /home/robot/ws_aprendendo_ros2/src/build/my_first/build/lib/my_first
[1.568s] copying my_first/first_node.py -> /home/robot/ws_aprendendo_ros2/src/build/my_first/build/lib/my_first
[1.569s] running install
[1.571s] running install_lib
[1.573s] creating /home/robot/ws_aprendendo_ros2/src/install/my_first/lib/python3.10/site-packages/my_first
[1.575s] copying /home/robot/ws_aprendendo_ros2/src/build/my_first/build/lib/my_first/__init__.py -> /home/robot/ws_aprendendo_ros2/src/install/my_first/lib/python3.10/site-packages/my_first
[1.576s] copying /home/robot/ws_aprendendo_ros2/src/build/my_first/build/lib/my_first/first_node.py -> /home/robot/ws_aprendendo_ros2/src/install/my_first/lib/python3.10/site-packages/my_first
[1.578s] byte-compiling /home/robot/ws_aprendendo_ros2/src/install/my_first/lib/python3.10/site-packages/my_first/__init__.py to __init__.cpython-310.pyc
[1.580s] byte-compiling /home/robot/ws_aprendendo_ros2/src/install/my_first/lib/python3.10/site-packages/my_first/first_node.py to first_node.cpython-310.pyc
[1.582s] running install_data
[1.583s] creating /home/robot/ws_aprendendo_ros2/src/install/my_first/share/ament_index
[1.585s] creating /home/robot/ws_aprendendo_ros2/src/install/my_first/share/ament_index/resource_index
[1.586s] creating /home/robot/ws_aprendendo_ros2/src/install/my_first/share/ament_index/resource_index/packages
[1.588s] copying resource/my_first -> /home/robot/ws_aprendendo_ros2/src/install/my_first/share/ament_index/resource_index/packages
[1.589s] copying package.xml -> /home/robot/ws_aprendendo_ros2/src/install/my_first/share/my_first
[1.590s] running install_egg_info
[1.593s] Copying ../build/my_first/my_first.egg-info to /home/robot/ws_aprendendo_ros2/src/install/my_first/lib/python3.10/site-packages/my_first-0.0.0-py3.10.egg-info
[1.597s] running install_scripts
[1.677s] Installing node_one script to /home/robot/ws_aprendendo_ros2/src/install/my_first/lib/my_first
[1.684s] writing list of installed files to '/home/robot/ws_aprendendo_ros2/src/build/my_first/install.log'
[1.751s] Invoked command in '/home/robot/ws_aprendendo_ros2/src/my_first' returned '0': PYTHONPATH=/home/robot/ws_aprendendo_ros2/src/build/my_first/prefix_override:/home/robot/ws_aprendendo_ros2/src/install/my_first/lib/python3.10/site-packages:${PYTHONPATH} /usr/bin/python3 setup.py egg_info --egg-base ../build/my_first build --build-base /home/robot/ws_aprendendo_ros2/src/build/my_first/build install --record /home/robot/ws_aprendendo_ros2/src/build/my_first/install.log --single-version-externally-managed
