[1.071s] Invoking command in '/home/robot/ws_aprendendo_ros2/src/build/entrega_de_kalman': PYTHONPATH=/home/robot/ws_aprendendo_ros2/src/build/entrega_de_kalman/prefix_override:/home/robot/ws_aprendendo_ros2/src/install/entrega_de_kalman/lib/python3.10/site-packages:${PYTHONPATH} /usr/bin/python3 setup.py develop --editable --build-directory /home/robot/ws_aprendendo_ros2/src/build/entrega_de_kalman/build --no-deps install_data
[1.497s] running develop
[1.743s] running egg_info
[1.743s] creating entrega_de_kalman.egg-info
[1.745s] writing entrega_de_kalman.egg-info/PKG-INFO
[1.747s] writing dependency_links to entrega_de_kalman.egg-info/dependency_links.txt
[1.748s] writing entry points to entrega_de_kalman.egg-info/entry_points.txt
[1.749s] writing requirements to entrega_de_kalman.egg-info/requires.txt
[1.750s] writing top-level names to entrega_de_kalman.egg-info/top_level.txt
[1.752s] writing manifest file 'entrega_de_kalman.egg-info/SOURCES.txt'
[1.755s] reading manifest file 'entrega_de_kalman.egg-info/SOURCES.txt'
[1.757s] writing manifest file 'entrega_de_kalman.egg-info/SOURCES.txt'
[1.761s] running build_ext
[1.762s] Creating /home/robot/ws_aprendendo_ros2/src/install/entrega_de_kalman/lib/python3.10/site-packages/entrega-de-kalman.egg-link (link to .)
[1.764s] Installing r2d2 script to /home/robot/ws_aprendendo_ros2/src/install/entrega_de_kalman/lib/entrega_de_kalman
[1.765s] 
[1.766s] Installed /home/robot/ws_aprendendo_ros2/src/build/entrega_de_kalman
[1.773s] running install_data
[1.774s] creating /home/robot/ws_aprendendo_ros2/src/install/entrega_de_kalman/share/ament_index
[1.774s] creating /home/robot/ws_aprendendo_ros2/src/install/entrega_de_kalman/share/ament_index/resource_index
[1.775s] creating /home/robot/ws_aprendendo_ros2/src/install/entrega_de_kalman/share/ament_index/resource_index/packages
[1.776s] copying resource/entrega_de_kalman -> /home/robot/ws_aprendendo_ros2/src/install/entrega_de_kalman/share/ament_index/resource_index/packages
[1.776s] copying package.xml -> /home/robot/ws_aprendendo_ros2/src/install/entrega_de_kalman/share/entrega_de_kalman
[1.821s] Invoked command in '/home/robot/ws_aprendendo_ros2/src/build/entrega_de_kalman' returned '0': PYTHONPATH=/home/robot/ws_aprendendo_ros2/src/build/entrega_de_kalman/prefix_override:/home/robot/ws_aprendendo_ros2/src/install/entrega_de_kalman/lib/python3.10/site-packages:${PYTHONPATH} /usr/bin/python3 setup.py develop --editable --build-directory /home/robot/ws_aprendendo_ros2/src/build/entrega_de_kalman/build --no-deps install_data
