[2.736s] DEBUG:colcon:Command line arguments: ['/usr/bin/colcon', 'build', '--symlink-install']
[2.736s] DEBUG:colcon:Parsed command line arguments: Namespace(log_base=None, log_level=None, verb_name='build', build_base='build', install_base='install', merge_install=False, symlink_install=True, test_result_base=None, continue_on_error=False, executor='parallel', parallel_workers=2, event_handlers=None, ignore_user_meta=False, metas=['./colcon.meta'], base_paths=['.'], packages_ignore=None, packages_ignore_regex=None, paths=None, packages_up_to=None, packages_up_to_regex=None, packages_above=None, packages_above_and_dependencies=None, packages_above_depth=None, packages_select_by_dep=None, packages_skip_by_dep=None, packages_skip_up_to=None, packages_select_build_failed=False, packages_skip_build_finished=False, packages_select_test_failures=False, packages_skip_test_passed=False, packages_select=None, packages_skip=None, packages_select_regex=None, packages_skip_regex=None, packages_start=None, packages_end=None, cmake_args=None, cmake_target=None, cmake_target_skip_unavailable=False, cmake_clean_cache=False, cmake_clean_first=False, cmake_force_configure=False, ament_cmake_args=None, catkin_cmake_args=None, catkin_skip_building_tests=False, mixin_files=None, mixin=None, verb_parser=<colcon_mixin.mixin.mixin_argument.MixinArgumentDecorator object at 0x785dede3b700>, verb_extension=<colcon_core.verb.build.BuildVerb object at 0x785dede3b070>, main=<bound method BuildVerb.main of <colcon_core.verb.build.BuildVerb object at 0x785dede3b070>>, mixin_verb=('build',))
[2.797s] Level 1:colcon.colcon_core.package_discovery:discover_packages(colcon_meta) check parameters
[2.806s] INFO:colcon.colcon_metadata.package_discovery.colcon_meta:Using configuration from '/root/.colcon/metadata/default/Gazebo.meta'
[2.826s] INFO:colcon.colcon_metadata.package_discovery.colcon_meta:Using configuration from '/root/.colcon/metadata/default/fastrtps.meta'
[2.826s] Level 1:colcon.colcon_core.package_discovery:discover_packages(recursive) check parameters
[2.826s] Level 1:colcon.colcon_core.package_discovery:discover_packages(ignore) check parameters
[2.826s] Level 1:colcon.colcon_core.package_discovery:discover_packages(path) check parameters
[2.826s] Level 1:colcon.colcon_core.package_discovery:discover_packages(colcon_meta) discover
[2.826s] Level 1:colcon.colcon_core.package_discovery:discover_packages(recursive) discover
[2.826s] INFO:colcon.colcon_core.package_discovery:Crawling recursively for packages in '/home/robot/ws_aprendendo_ros2/src/entrega_de_kalman'
[2.826s] Level 1:colcon.colcon_core.package_identification:_identify(.) by extensions ['ignore', 'ignore_ament_install']
[2.827s] Level 1:colcon.colcon_core.package_identification:_identify(.) by extension 'ignore'
[2.827s] Level 1:colcon.colcon_core.package_identification:_identify(.) by extension 'ignore_ament_install'
[2.827s] Level 1:colcon.colcon_core.package_identification:_identify(.) by extensions ['colcon_pkg']
[2.827s] Level 1:colcon.colcon_core.package_identification:_identify(.) by extension 'colcon_pkg'
[2.827s] Level 1:colcon.colcon_core.package_identification:_identify(.) by extensions ['colcon_meta']
[2.827s] Level 1:colcon.colcon_core.package_identification:_identify(.) by extension 'colcon_meta'
[2.827s] Level 1:colcon.colcon_core.package_identification:_identify(.) by extensions ['ros']
[2.827s] Level 1:colcon.colcon_core.package_identification:_identify(.) by extension 'ros'
[2.895s] DEBUG:colcon.colcon_core.package_identification:Package '.' with type 'ros.ament_python' and name 'entrega_de_kalman'
[2.895s] Level 1:colcon.colcon_core.package_discovery:discover_packages(recursive) using defaults
[2.895s] Level 1:colcon.colcon_core.package_discovery:discover_packages(ignore) discover
[2.895s] Level 1:colcon.colcon_core.package_discovery:discover_packages(ignore) using defaults
[2.895s] Level 1:colcon.colcon_core.package_discovery:discover_packages(path) discover
[2.895s] Level 1:colcon.colcon_core.package_discovery:discover_packages(path) using defaults
[3.060s] Level 5:colcon.colcon_core.verb:set package 'entrega_de_kalman' build argument 'cmake_args' from command line to 'None'
[3.060s] Level 5:colcon.colcon_core.verb:set package 'entrega_de_kalman' build argument 'cmake_target' from command line to 'None'
[3.060s] Level 5:colcon.colcon_core.verb:set package 'entrega_de_kalman' build argument 'cmake_target_skip_unavailable' from command line to 'False'
[3.061s] Level 5:colcon.colcon_core.verb:set package 'entrega_de_kalman' build argument 'cmake_clean_cache' from command line to 'False'
[3.061s] Level 5:colcon.colcon_core.verb:set package 'entrega_de_kalman' build argument 'cmake_clean_first' from command line to 'False'
[3.061s] Level 5:colcon.colcon_core.verb:set package 'entrega_de_kalman' build argument 'cmake_force_configure' from command line to 'False'
[3.061s] Level 5:colcon.colcon_core.verb:set package 'entrega_de_kalman' build argument 'ament_cmake_args' from command line to 'None'
[3.062s] Level 5:colcon.colcon_core.verb:set package 'entrega_de_kalman' build argument 'catkin_cmake_args' from command line to 'None'
[3.062s] Level 5:colcon.colcon_core.verb:set package 'entrega_de_kalman' build argument 'catkin_skip_building_tests' from command line to 'False'
[3.062s] DEBUG:colcon.colcon_core.verb:Building package 'entrega_de_kalman' with the following arguments: {'ament_cmake_args': None, 'build_base': '/home/robot/ws_aprendendo_ros2/src/entrega_de_kalman/build/entrega_de_kalman', 'catkin_cmake_args': None, 'catkin_skip_building_tests': False, 'cmake_args': None, 'cmake_clean_cache': False, 'cmake_clean_first': False, 'cmake_force_configure': False, 'cmake_target': None, 'cmake_target_skip_unavailable': False, 'install_base': '/home/robot/ws_aprendendo_ros2/src/entrega_de_kalman/install/entrega_de_kalman', 'merge_install': False, 'path': '/home/robot/ws_aprendendo_ros2/src/entrega_de_kalman', 'symlink_install': True, 'test_result_base': None}
[3.068s] INFO:colcon.colcon_core.executor:Executing jobs using 'parallel' executor
[3.087s] DEBUG:colcon.colcon_parallel_executor.executor.parallel:run_until_complete
[3.092s] INFO:colcon.colcon_ros.task.ament_python.build:Building ROS package in '/home/robot/ws_aprendendo_ros2/src/entrega_de_kalman' with build type 'ament_python'
[3.100s] Level 1:colcon.colcon_core.shell:create_environment_hook('entrega_de_kalman', 'ament_prefix_path')
[3.133s] INFO:colcon.colcon_core.plugin_system:Skipping extension 'colcon_core.shell.bat': Not used on non-Windows systems
[3.134s] INFO:colcon.colcon_core.shell:Creating environment hook '/home/robot/ws_aprendendo_ros2/src/entrega_de_kalman/install/entrega_de_kalman/share/entrega_de_kalman/hook/ament_prefix_path.ps1'
[3.140s] INFO:colcon.colcon_core.shell:Creating environment descriptor '/home/robot/ws_aprendendo_ros2/src/entrega_de_kalman/install/entrega_de_kalman/share/entrega_de_kalman/hook/ament_prefix_path.dsv'
[3.148s] INFO:colcon.colcon_core.shell:Creating environment hook '/home/robot/ws_aprendendo_ros2/src/entrega_de_kalman/install/entrega_de_kalman/share/entrega_de_kalman/hook/ament_prefix_path.sh'
[3.153s] INFO:colcon.colcon_core.shell:Skip shell extension 'powershell' for command environment: Not usable outside of PowerShell
[3.153s] DEBUG:colcon.colcon_core.shell:Skip shell extension 'dsv' for command environment
[5.340s] INFO:colcon.colcon_core.task.python.build:Building Python package in '/home/robot/ws_aprendendo_ros2/src/entrega_de_kalman'
[5.346s] INFO:colcon.colcon_core.shell:Skip shell extension 'powershell' for command environment: Not usable outside of PowerShell
[5.346s] DEBUG:colcon.colcon_core.shell:Skip shell extension 'dsv' for command environment
[7.787s] DEBUG:colcon.colcon_core.event_handler.log_command:Invoking command in '/home/robot/ws_aprendendo_ros2/src/entrega_de_kalman/build/entrega_de_kalman': PYTHONPATH=/home/robot/ws_aprendendo_ros2/src/entrega_de_kalman/build/entrega_de_kalman/prefix_override:/home/robot/ws_aprendendo_ros2/src/entrega_de_kalman/install/entrega_de_kalman/lib/python3.10/site-packages:${PYTHONPATH} /usr/bin/python3 setup.py develop --editable --build-directory /home/robot/ws_aprendendo_ros2/src/entrega_de_kalman/build/entrega_de_kalman/build --no-deps install_data
[11.600s] Level 1:colcon.colcon_core.shell:create_environment_hook('entrega_de_kalman', 'pythonpath_develop')
[11.605s] INFO:colcon.colcon_core.shell:Creating environment hook '/home/robot/ws_aprendendo_ros2/src/entrega_de_kalman/build/entrega_de_kalman/share/entrega_de_kalman/hook/pythonpath_develop.ps1'
[11.603s] DEBUG:colcon.colcon_core.event_handler.log_command:Invoked command in '/home/robot/ws_aprendendo_ros2/src/entrega_de_kalman/build/entrega_de_kalman' returned '0': PYTHONPATH=/home/robot/ws_aprendendo_ros2/src/entrega_de_kalman/build/entrega_de_kalman/prefix_override:/home/robot/ws_aprendendo_ros2/src/entrega_de_kalman/install/entrega_de_kalman/lib/python3.10/site-packages:${PYTHONPATH} /usr/bin/python3 setup.py develop --editable --build-directory /home/robot/ws_aprendendo_ros2/src/entrega_de_kalman/build/entrega_de_kalman/build --no-deps install_data
[11.612s] INFO:colcon.colcon_core.shell:Creating environment descriptor '/home/robot/ws_aprendendo_ros2/src/entrega_de_kalman/build/entrega_de_kalman/share/entrega_de_kalman/hook/pythonpath_develop.dsv'
[11.613s] INFO:colcon.colcon_core.shell:Creating environment hook '/home/robot/ws_aprendendo_ros2/src/entrega_de_kalman/build/entrega_de_kalman/share/entrega_de_kalman/hook/pythonpath_develop.sh'
[11.683s] Level 1:colcon.colcon_core.environment:checking '/home/robot/ws_aprendendo_ros2/src/entrega_de_kalman/install/entrega_de_kalman' for CMake module files
[11.684s] Level 1:colcon.colcon_core.environment:checking '/home/robot/ws_aprendendo_ros2/src/entrega_de_kalman/install/entrega_de_kalman' for CMake config files
[11.685s] Level 1:colcon.colcon_core.environment:checking '/home/robot/ws_aprendendo_ros2/src/entrega_de_kalman/install/entrega_de_kalman/lib'
[11.685s] Level 1:colcon.colcon_core.environment:checking '/home/robot/ws_aprendendo_ros2/src/entrega_de_kalman/install/entrega_de_kalman/bin'
[11.685s] Level 1:colcon.colcon_core.environment:checking '/home/robot/ws_aprendendo_ros2/src/entrega_de_kalman/install/entrega_de_kalman/lib/pkgconfig/entrega_de_kalman.pc'
[11.686s] Level 1:colcon.colcon_core.environment:checking '/home/robot/ws_aprendendo_ros2/src/entrega_de_kalman/install/entrega_de_kalman/lib/python3.10/site-packages'
[11.686s] Level 1:colcon.colcon_core.shell:create_environment_hook('entrega_de_kalman', 'pythonpath')
[11.687s] INFO:colcon.colcon_core.shell:Creating environment hook '/home/robot/ws_aprendendo_ros2/src/entrega_de_kalman/install/entrega_de_kalman/share/entrega_de_kalman/hook/pythonpath.ps1'
[11.731s] INFO:colcon.colcon_core.shell:Creating environment descriptor '/home/robot/ws_aprendendo_ros2/src/entrega_de_kalman/install/entrega_de_kalman/share/entrega_de_kalman/hook/pythonpath.dsv'
[11.732s] INFO:colcon.colcon_core.shell:Creating environment hook '/home/robot/ws_aprendendo_ros2/src/entrega_de_kalman/install/entrega_de_kalman/share/entrega_de_kalman/hook/pythonpath.sh'
[11.738s] Level 1:colcon.colcon_core.environment:checking '/home/robot/ws_aprendendo_ros2/src/entrega_de_kalman/install/entrega_de_kalman/bin'
[11.743s] Level 1:colcon.colcon_core.environment:create_environment_scripts_only(entrega_de_kalman)
[11.750s] INFO:colcon.colcon_core.shell:Creating package script '/home/robot/ws_aprendendo_ros2/src/entrega_de_kalman/install/entrega_de_kalman/share/entrega_de_kalman/package.ps1'
[11.757s] INFO:colcon.colcon_core.shell:Creating package descriptor '/home/robot/ws_aprendendo_ros2/src/entrega_de_kalman/install/entrega_de_kalman/share/entrega_de_kalman/package.dsv'
[11.764s] INFO:colcon.colcon_core.shell:Creating package script '/home/robot/ws_aprendendo_ros2/src/entrega_de_kalman/install/entrega_de_kalman/share/entrega_de_kalman/package.sh'
[11.771s] INFO:colcon.colcon_core.shell:Creating package script '/home/robot/ws_aprendendo_ros2/src/entrega_de_kalman/install/entrega_de_kalman/share/entrega_de_kalman/package.bash'
[11.780s] INFO:colcon.colcon_core.shell:Creating package script '/home/robot/ws_aprendendo_ros2/src/entrega_de_kalman/install/entrega_de_kalman/share/entrega_de_kalman/package.zsh'
[11.782s] Level 1:colcon.colcon_core.environment:create_file_with_runtime_dependencies(/home/robot/ws_aprendendo_ros2/src/entrega_de_kalman/install/entrega_de_kalman/share/colcon-core/packages/entrega_de_kalman)
[11.787s] DEBUG:colcon.colcon_parallel_executor.executor.parallel:closing loop
[11.793s] DEBUG:colcon.colcon_parallel_executor.executor.parallel:loop closed
[11.794s] DEBUG:colcon.colcon_parallel_executor.executor.parallel:run_until_complete finished with '0'
[11.794s] DEBUG:colcon.colcon_core.event_reactor:joining thread
[11.802s] INFO:colcon.colcon_core.plugin_system:Skipping extension 'colcon_notification.desktop_notification.notify_send': Could not find 'notify-send'
[11.802s] INFO:colcon.colcon_core.plugin_system:Skipping extension 'colcon_notification.desktop_notification.terminal_notifier': Not used on non-Darwin systems
[11.803s] INFO:colcon.colcon_core.plugin_system:Skipping extension 'colcon_notification.desktop_notification.win32': Not used on non-Windows systems
[11.803s] INFO:colcon.colcon_notification.desktop_notification:Sending desktop notification using 'notify2'
[11.824s] DEBUG:colcon.colcon_notification.desktop_notification.notify2:Failed to initialize notify2: org.freedesktop.DBus.Error.Spawn.ExecFailed: /usr/bin/dbus-launch terminated abnormally without any error message
[11.825s] DEBUG:colcon.colcon_core.event_reactor:joined thread
[11.827s] INFO:colcon.colcon_core.shell:Creating prefix script '/home/robot/ws_aprendendo_ros2/src/entrega_de_kalman/install/local_setup.ps1'
[11.830s] INFO:colcon.colcon_core.shell:Creating prefix util module '/home/robot/ws_aprendendo_ros2/src/entrega_de_kalman/install/_local_setup_util_ps1.py'
[11.834s] INFO:colcon.colcon_core.shell:Creating prefix chain script '/home/robot/ws_aprendendo_ros2/src/entrega_de_kalman/install/setup.ps1'
[11.846s] INFO:colcon.colcon_core.shell:Creating prefix script '/home/robot/ws_aprendendo_ros2/src/entrega_de_kalman/install/local_setup.sh'
[11.849s] INFO:colcon.colcon_core.shell:Creating prefix util module '/home/robot/ws_aprendendo_ros2/src/entrega_de_kalman/install/_local_setup_util_sh.py'
[11.850s] INFO:colcon.colcon_core.shell:Creating prefix chain script '/home/robot/ws_aprendendo_ros2/src/entrega_de_kalman/install/setup.sh'
[11.868s] INFO:colcon.colcon_core.shell:Creating prefix script '/home/robot/ws_aprendendo_ros2/src/entrega_de_kalman/install/local_setup.bash'
[11.870s] INFO:colcon.colcon_core.shell:Creating prefix chain script '/home/robot/ws_aprendendo_ros2/src/entrega_de_kalman/install/setup.bash'
[11.911s] INFO:colcon.colcon_core.shell:Creating prefix script '/home/robot/ws_aprendendo_ros2/src/entrega_de_kalman/install/local_setup.zsh'
[11.942s] INFO:colcon.colcon_core.shell:Creating prefix chain script '/home/robot/ws_aprendendo_ros2/src/entrega_de_kalman/install/setup.zsh'
