running develop
Removing /home/robot/ws_aprendendo_ros2/src/install/my_first/lib/python3.10/site-packages/my-first.egg-link (link to .)
running egg_info
writing ../build/my_first/my_first.egg-info/PKG-INFO
writing dependency_links to ../build/my_first/my_first.egg-info/dependency_links.txt
writing entry points to ../build/my_first/my_first.egg-info/entry_points.txt
writing requirements to ../build/my_first/my_first.egg-info/requires.txt
writing top-level names to ../build/my_first/my_first.egg-info/top_level.txt
reading manifest file '../build/my_first/my_first.egg-info/SOURCES.txt'
writing manifest file '../build/my_first/my_first.egg-info/SOURCES.txt'
running build
running build_py
running install
running install_lib
creating /home/robot/ws_aprendendo_ros2/src/install/my_first/lib/python3.10/site-packages/my_first
copying /home/robot/ws_aprendendo_ros2/src/build/my_first/build/lib/my_first/__init__.py -> /home/robot/ws_aprendendo_ros2/src/install/my_first/lib/python3.10/site-packages/my_first
copying /home/robot/ws_aprendendo_ros2/src/build/my_first/build/lib/my_first/first_node.py -> /home/robot/ws_aprendendo_ros2/src/install/my_first/lib/python3.10/site-packages/my_first
byte-compiling /home/robot/ws_aprendendo_ros2/src/install/my_first/lib/python3.10/site-packages/my_first/__init__.py to __init__.cpython-310.pyc
byte-compiling /home/robot/ws_aprendendo_ros2/src/install/my_first/lib/python3.10/site-packages/my_first/first_node.py to first_node.cpython-310.pyc
running install_data
running install_egg_info
Copying ../build/my_first/my_first.egg-info to /home/robot/ws_aprendendo_ros2/src/install/my_first/lib/python3.10/site-packages/my_first-0.0.0-py3.10.egg-info
running install_scripts
Installing node_one script to /home/robot/ws_aprendendo_ros2/src/install/my_first/lib/my_first
writing list of installed files to '/home/robot/ws_aprendendo_ros2/src/build/my_first/install.log'
