[2.224s] Invoking command in '/home/robot/ws_aprendendo_ros2/src/build/my_first': PYTHONPATH=/home/robot/ws_aprendendo_ros2/src/build/my_first/prefix_override:/home/robot/ws_aprendendo_ros2/src/install/my_first/lib/python3.10/site-packages:${PYTHONPATH} /usr/bin/python3 setup.py develop --uninstall --editable --build-directory /home/robot/ws_aprendendo_ros2/src/build/my_first/build
[3.076s] running develop
[3.760s] Removing /home/robot/ws_aprendendo_ros2/src/install/my_first/lib/python3.10/site-packages/my-first.egg-link (link to .)
[3.813s] Invoked command in '/home/robot/ws_aprendendo_ros2/src/build/my_first' returned '0': PYTHONPATH=/home/robot/ws_aprendendo_ros2/src/build/my_first/prefix_override:/home/robot/ws_aprendendo_ros2/src/install/my_first/lib/python3.10/site-packages:${PYTHONPATH} /usr/bin/python3 setup.py develop --uninstall --editable --build-directory /home/robot/ws_aprendendo_ros2/src/build/my_first/build
[3.814s] Invoking command in '/home/robot/ws_aprendendo_ros2/src/my_first': PYTHONPATH=/home/robot/ws_aprendendo_ros2/src/build/my_first/prefix_override:/home/robot/ws_aprendendo_ros2/src/install/my_first/lib/python3.10/site-packages:${PYTHONPATH} /usr/bin/python3 setup.py egg_info --egg-base ../build/my_first build --build-base /home/robot/ws_aprendendo_ros2/src/build/my_first/build install --record /home/robot/ws_aprendendo_ros2/src/build/my_first/install.log --single-version-externally-managed
[4.731s] running egg_info
[4.732s] writing ../build/my_first/my_first.egg-info/PKG-INFO
[4.734s] writing dependency_links to ../build/my_first/my_first.egg-info/dependency_links.txt
[4.734s] writing entry points to ../build/my_first/my_first.egg-info/entry_points.txt
[4.739s] writing requirements to ../build/my_first/my_first.egg-info/requires.txt
[4.739s] writing top-level names to ../build/my_first/my_first.egg-info/top_level.txt
[4.760s] reading manifest file '../build/my_first/my_first.egg-info/SOURCES.txt'
[4.764s] writing manifest file '../build/my_first/my_first.egg-info/SOURCES.txt'
[4.767s] running build
[4.767s] running build_py
[4.773s] running install
[4.773s] running install_lib
[4.790s] creating /home/robot/ws_aprendendo_ros2/src/install/my_first/lib/python3.10/site-packages/my_first
[4.802s] copying /home/robot/ws_aprendendo_ros2/src/build/my_first/build/lib/my_first/__init__.py -> /home/robot/ws_aprendendo_ros2/src/install/my_first/lib/python3.10/site-packages/my_first
[4.813s] copying /home/robot/ws_aprendendo_ros2/src/build/my_first/build/lib/my_first/first_node.py -> /home/robot/ws_aprendendo_ros2/src/install/my_first/lib/python3.10/site-packages/my_first
[4.814s] byte-compiling /home/robot/ws_aprendendo_ros2/src/install/my_first/lib/python3.10/site-packages/my_first/__init__.py to __init__.cpython-310.pyc
[4.833s] byte-compiling /home/robot/ws_aprendendo_ros2/src/install/my_first/lib/python3.10/site-packages/my_first/first_node.py to first_node.cpython-310.pyc
[4.835s] running install_data
[4.846s] running install_egg_info
[4.860s] Copying ../build/my_first/my_first.egg-info to /home/robot/ws_aprendendo_ros2/src/install/my_first/lib/python3.10/site-packages/my_first-0.0.0-py3.10.egg-info
[4.885s] running install_scripts
[5.046s] Installing node_one script to /home/robot/ws_aprendendo_ros2/src/install/my_first/lib/my_first
[5.050s] writing list of installed files to '/home/robot/ws_aprendendo_ros2/src/build/my_first/install.log'
[5.663s] Invoked command in '/home/robot/ws_aprendendo_ros2/src/my_first' returned '0': PYTHONPATH=/home/robot/ws_aprendendo_ros2/src/build/my_first/prefix_override:/home/robot/ws_aprendendo_ros2/src/install/my_first/lib/python3.10/site-packages:${PYTHONPATH} /usr/bin/python3 setup.py egg_info --egg-base ../build/my_first build --build-base /home/robot/ws_aprendendo_ros2/src/build/my_first/build install --record /home/robot/ws_aprendendo_ros2/src/build/my_first/install.log --single-version-externally-managed
