[0.655s] Invoking command in '/home/robot/ws_aprendendo_ros2/src/entrega_de_kalman/build/entrega_de_kalman': PYTHONPATH=/home/robot/ws_aprendendo_ros2/src/entrega_de_kalman/build/entrega_de_kalman/prefix_override:/home/robot/ws_aprendendo_ros2/src/entrega_de_kalman/install/entrega_de_kalman/lib/python3.10/site-packages:${PYTHONPATH} /usr/bin/python3 setup.py develop --editable --build-directory /home/robot/ws_aprendendo_ros2/src/entrega_de_kalman/build/entrega_de_kalman/build --no-deps install_data
[0.948s] running develop
[1.128s] running egg_info
[1.128s] creating entrega_de_kalman.egg-info
[1.128s] writing entrega_de_kalman.egg-info/PKG-INFO
[1.129s] writing dependency_links to entrega_de_kalman.egg-info/dependency_links.txt
[1.129s] writing entry points to entrega_de_kalman.egg-info/entry_points.txt
[1.130s] writing requirements to entrega_de_kalman.egg-info/requires.txt
[1.130s] writing top-level names to entrega_de_kalman.egg-info/top_level.txt
[1.131s] writing manifest file 'entrega_de_kalman.egg-info/SOURCES.txt'
[1.133s] reading manifest file 'entrega_de_kalman.egg-info/SOURCES.txt'
[1.134s] writing manifest file 'entrega_de_kalman.egg-info/SOURCES.txt'
[1.136s] running build_ext
[1.140s] Creating /home/robot/ws_aprendendo_ros2/src/entrega_de_kalman/install/entrega_de_kalman/lib/python3.10/site-packages/entrega-de-kalman.egg-link (link to .)
[1.140s] Installing r2d2 script to /home/robot/ws_aprendendo_ros2/src/entrega_de_kalman/install/entrega_de_kalman/lib/entrega_de_kalman
[1.141s] 
[1.142s] Installed /home/robot/ws_aprendendo_ros2/src/entrega_de_kalman/build/entrega_de_kalman
[1.143s] running install_data
[1.143s] creating /home/robot/ws_aprendendo_ros2/src/entrega_de_kalman/install/entrega_de_kalman/share/ament_index
[1.144s] creating /home/robot/ws_aprendendo_ros2/src/entrega_de_kalman/install/entrega_de_kalman/share/ament_index/resource_index
[1.145s] creating /home/robot/ws_aprendendo_ros2/src/entrega_de_kalman/install/entrega_de_kalman/share/ament_index/resource_index/packages
[1.145s] copying resource/entrega_de_kalman -> /home/robot/ws_aprendendo_ros2/src/entrega_de_kalman/install/entrega_de_kalman/share/ament_index/resource_index/packages
[1.146s] copying package.xml -> /home/robot/ws_aprendendo_ros2/src/entrega_de_kalman/install/entrega_de_kalman/share/entrega_de_kalman
[1.169s] Invoked command in '/home/robot/ws_aprendendo_ros2/src/entrega_de_kalman/build/entrega_de_kalman' returned '0': PYTHONPATH=/home/robot/ws_aprendendo_ros2/src/entrega_de_kalman/build/entrega_de_kalman/prefix_override:/home/robot/ws_aprendendo_ros2/src/entrega_de_kalman/install/entrega_de_kalman/lib/python3.10/site-packages:${PYTHONPATH} /usr/bin/python3 setup.py develop --editable --build-directory /home/robot/ws_aprendendo_ros2/src/entrega_de_kalman/build/entrega_de_kalman/build --no-deps install_data
