[0.647s] DEBUG:colcon:Command line arguments: ['/usr/bin/colcon', 'build', '--symlink-install']
[0.648s] DEBUG:colcon:Parsed command line arguments: Namespace(log_base=None, log_level=None, verb_name='build', build_base='build', install_base='install', merge_install=False, symlink_install=True, test_result_base=None, continue_on_error=False, executor='parallel', parallel_workers=2, event_handlers=None, ignore_user_meta=False, metas=['./colcon.meta'], base_paths=['.'], packages_ignore=None, packages_ignore_regex=None, paths=None, packages_up_to=None, packages_up_to_regex=None, packages_above=None, packages_above_and_dependencies=None, packages_above_depth=None, packages_select_by_dep=None, packages_skip_by_dep=None, packages_skip_up_to=None, packages_select_build_failed=False, packages_skip_build_finished=False, packages_select_test_failures=False, packages_skip_test_passed=False, packages_select=None, packages_skip=None, packages_select_regex=None, packages_skip_regex=None, packages_start=None, packages_end=None, cmake_args=None, cmake_target=None, cmake_target_skip_unavailable=False, cmake_clean_cache=False, cmake_clean_first=False, cmake_force_configure=False, ament_cmake_args=None, catkin_cmake_args=None, catkin_skip_building_tests=False, mixin_files=None, mixin=None, verb_parser=<colcon_mixin.mixin.mixin_argument.MixinArgumentDecorator object at 0x7d0c5829f0a0>, verb_extension=<colcon_core.verb.build.BuildVerb object at 0x7d0c5829ea10>, main=<bound method BuildVerb.main of <colcon_core.verb.build.BuildVerb object at 0x7d0c5829ea10>>, mixin_verb=('build',))
[0.746s] Level 1:colcon.colcon_core.package_discovery:discover_packages(colcon_meta) check parameters
[0.748s] INFO:colcon.colcon_metadata.package_discovery.colcon_meta:Using configuration from '/root/.colcon/metadata/default/Gazebo.meta'
[0.749s] INFO:colcon.colcon_metadata.package_discovery.colcon_meta:Using configuration from '/root/.colcon/metadata/default/fastrtps.meta'
[0.749s] Level 1:colcon.colcon_core.package_discovery:discover_packages(recursive) check parameters
[0.749s] Level 1:colcon.colcon_core.package_discovery:discover_packages(ignore) check parameters
[0.749s] Level 1:colcon.colcon_core.package_discovery:discover_packages(path) check parameters
[0.749s] Level 1:colcon.colcon_core.package_discovery:discover_packages(colcon_meta) discover
[0.749s] Level 1:colcon.colcon_core.package_discovery:discover_packages(recursive) discover
[0.749s] INFO:colcon.colcon_core.package_discovery:Crawling recursively for packages in '/home/robot/ws_aprendendo_ros2/src/entrega_de_kalman'
[0.749s] Level 1:colcon.colcon_core.package_identification:_identify(.) by extensions ['ignore', 'ignore_ament_install']
[0.750s] Level 1:colcon.colcon_core.package_identification:_identify(.) by extension 'ignore'
[0.750s] Level 1:colcon.colcon_core.package_identification:_identify(.) by extension 'ignore_ament_install'
[0.750s] Level 1:colcon.colcon_core.package_identification:_identify(.) by extensions ['colcon_pkg']
[0.750s] Level 1:colcon.colcon_core.package_identification:_identify(.) by extension 'colcon_pkg'
[0.750s] Level 1:colcon.colcon_core.package_identification:_identify(.) by extensions ['colcon_meta']
[0.750s] Level 1:colcon.colcon_core.package_identification:_identify(.) by extension 'colcon_meta'
[0.750s] Level 1:colcon.colcon_core.package_identification:_identify(.) by extensions ['ros']
[0.750s] Level 1:colcon.colcon_core.package_identification:_identify(.) by extension 'ros'
[0.773s] DEBUG:colcon.colcon_core.package_identification:Package '.' with type 'ros.ament_python' and name 'entrega_de_kalman'
[0.774s] Level 1:colcon.colcon_core.package_discovery:discover_packages(recursive) using defaults
[0.774s] Level 1:colcon.colcon_core.package_discovery:discover_packages(ignore) discover
[0.774s] Level 1:colcon.colcon_core.package_discovery:discover_packages(ignore) using defaults
[0.774s] Level 1:colcon.colcon_core.package_discovery:discover_packages(path) discover
[0.774s] Level 1:colcon.colcon_core.package_discovery:discover_packages(path) using defaults
[0.813s] Level 5:colcon.colcon_core.verb:set package 'entrega_de_kalman' build argument 'cmake_args' from command line to 'None'
[0.813s] Level 5:colcon.colcon_core.verb:set package 'entrega_de_kalman' build argument 'cmake_target' from command line to 'None'
[0.814s] Level 5:colcon.colcon_core.verb:set package 'entrega_de_kalman' build argument 'cmake_target_skip_unavailable' from command line to 'False'
[0.814s] Level 5:colcon.colcon_core.verb:set package 'entrega_de_kalman' build argument 'cmake_clean_cache' from command line to 'False'
[0.814s] Level 5:colcon.colcon_core.verb:set package 'entrega_de_kalman' build argument 'cmake_clean_first' from command line to 'False'
[0.814s] Level 5:colcon.colcon_core.verb:set package 'entrega_de_kalman' build argument 'cmake_force_configure' from command line to 'False'
[0.815s] Level 5:colcon.colcon_core.verb:set package 'entrega_de_kalman' build argument 'ament_cmake_args' from command line to 'None'
[0.815s] Level 5:colcon.colcon_core.verb:set package 'entrega_de_kalman' build argument 'catkin_cmake_args' from command line to 'None'
[0.815s] Level 5:colcon.colcon_core.verb:set package 'entrega_de_kalman' build argument 'catkin_skip_building_tests' from command line to 'False'
[0.815s] DEBUG:colcon.colcon_core.verb:Building package 'entrega_de_kalman' with the following arguments: {'ament_cmake_args': None, 'build_base': '/home/robot/ws_aprendendo_ros2/src/entrega_de_kalman/build/entrega_de_kalman', 'catkin_cmake_args': None, 'catkin_skip_building_tests': False, 'cmake_args': None, 'cmake_clean_cache': False, 'cmake_clean_first': False, 'cmake_force_configure': False, 'cmake_target': None, 'cmake_target_skip_unavailable': False, 'install_base': '/home/robot/ws_aprendendo_ros2/src/entrega_de_kalman/install/entrega_de_kalman', 'merge_install': False, 'path': '/home/robot/ws_aprendendo_ros2/src/entrega_de_kalman', 'symlink_install': True, 'test_result_base': None}
[0.816s] INFO:colcon.colcon_core.executor:Executing jobs using 'parallel' executor
[0.832s] DEBUG:colcon.colcon_parallel_executor.executor.parallel:run_until_complete
[0.832s] INFO:colcon.colcon_ros.task.ament_python.build:Building ROS package in '/home/robot/ws_aprendendo_ros2/src/entrega_de_kalman' with build type 'ament_python'
[0.832s] Level 1:colcon.colcon_core.shell:create_environment_hook('entrega_de_kalman', 'ament_prefix_path')
[0.847s] INFO:colcon.colcon_core.plugin_system:Skipping extension 'colcon_core.shell.bat': Not used on non-Windows systems
[0.848s] INFO:colcon.colcon_core.shell:Creating environment hook '/home/robot/ws_aprendendo_ros2/src/entrega_de_kalman/install/entrega_de_kalman/share/entrega_de_kalman/hook/ament_prefix_path.ps1'
[0.849s] INFO:colcon.colcon_core.shell:Creating environment descriptor '/home/robot/ws_aprendendo_ros2/src/entrega_de_kalman/install/entrega_de_kalman/share/entrega_de_kalman/hook/ament_prefix_path.dsv'
[0.850s] INFO:colcon.colcon_core.shell:Creating environment hook '/home/robot/ws_aprendendo_ros2/src/entrega_de_kalman/install/entrega_de_kalman/share/entrega_de_kalman/hook/ament_prefix_path.sh'
[0.854s] INFO:colcon.colcon_core.shell:Skip shell extension 'powershell' for command environment: Not usable outside of PowerShell
[0.855s] DEBUG:colcon.colcon_core.shell:Skip shell extension 'dsv' for command environment
[1.410s] INFO:colcon.colcon_core.task.python.build:Building Python package in '/home/robot/ws_aprendendo_ros2/src/entrega_de_kalman'
[1.412s] INFO:colcon.colcon_core.shell:Skip shell extension 'powershell' for command environment: Not usable outside of PowerShell
[1.413s] DEBUG:colcon.colcon_core.shell:Skip shell extension 'dsv' for command environment
[2.119s] DEBUG:colcon.colcon_core.event_handler.log_command:Invoking command in '/home/robot/ws_aprendendo_ros2/src/entrega_de_kalman/build/entrega_de_kalman': PYTHONPATH=/home/robot/ws_aprendendo_ros2/src/entrega_de_kalman/build/entrega_de_kalman/prefix_override:/home/robot/ws_aprendendo_ros2/src/entrega_de_kalman/install/entrega_de_kalman/lib/python3.10/site-packages:${PYTHONPATH} /usr/bin/python3 setup.py develop --editable --build-directory /home/robot/ws_aprendendo_ros2/src/entrega_de_kalman/build/entrega_de_kalman/build --no-deps install_data
[3.062s] Level 1:colcon.colcon_core.shell:create_environment_hook('entrega_de_kalman', 'pythonpath_develop')
[3.064s] INFO:colcon.colcon_core.shell:Creating environment hook '/home/robot/ws_aprendendo_ros2/src/entrega_de_kalman/build/entrega_de_kalman/share/entrega_de_kalman/hook/pythonpath_develop.ps1'
[3.062s] DEBUG:colcon.colcon_core.event_handler.log_command:Invoked command in '/home/robot/ws_aprendendo_ros2/src/entrega_de_kalman/build/entrega_de_kalman' returned '0': PYTHONPATH=/home/robot/ws_aprendendo_ros2/src/entrega_de_kalman/build/entrega_de_kalman/prefix_override:/home/robot/ws_aprendendo_ros2/src/entrega_de_kalman/install/entrega_de_kalman/lib/python3.10/site-packages:${PYTHONPATH} /usr/bin/python3 setup.py develop --editable --build-directory /home/robot/ws_aprendendo_ros2/src/entrega_de_kalman/build/entrega_de_kalman/build --no-deps install_data
[3.065s] INFO:colcon.colcon_core.shell:Creating environment descriptor '/home/robot/ws_aprendendo_ros2/src/entrega_de_kalman/build/entrega_de_kalman/share/entrega_de_kalman/hook/pythonpath_develop.dsv'
[3.066s] INFO:colcon.colcon_core.shell:Creating environment hook '/home/robot/ws_aprendendo_ros2/src/entrega_de_kalman/build/entrega_de_kalman/share/entrega_de_kalman/hook/pythonpath_develop.sh'
[3.073s] Level 1:colcon.colcon_core.environment:checking '/home/robot/ws_aprendendo_ros2/src/entrega_de_kalman/install/entrega_de_kalman' for CMake module files
[3.074s] Level 1:colcon.colcon_core.environment:checking '/home/robot/ws_aprendendo_ros2/src/entrega_de_kalman/install/entrega_de_kalman' for CMake config files
[3.075s] Level 1:colcon.colcon_core.environment:checking '/home/robot/ws_aprendendo_ros2/src/entrega_de_kalman/install/entrega_de_kalman/lib'
[3.075s] Level 1:colcon.colcon_core.environment:checking '/home/robot/ws_aprendendo_ros2/src/entrega_de_kalman/install/entrega_de_kalman/bin'
[3.075s] Level 1:colcon.colcon_core.environment:checking '/home/robot/ws_aprendendo_ros2/src/entrega_de_kalman/install/entrega_de_kalman/lib/pkgconfig/entrega_de_kalman.pc'
[3.076s] Level 1:colcon.colcon_core.environment:checking '/home/robot/ws_aprendendo_ros2/src/entrega_de_kalman/install/entrega_de_kalman/lib/python3.10/site-packages'
[3.076s] Level 1:colcon.colcon_core.shell:create_environment_hook('entrega_de_kalman', 'pythonpath')
[3.078s] INFO:colcon.colcon_core.shell:Creating environment hook '/home/robot/ws_aprendendo_ros2/src/entrega_de_kalman/install/entrega_de_kalman/share/entrega_de_kalman/hook/pythonpath.ps1'
[3.079s] INFO:colcon.colcon_core.shell:Creating environment descriptor '/home/robot/ws_aprendendo_ros2/src/entrega_de_kalman/install/entrega_de_kalman/share/entrega_de_kalman/hook/pythonpath.dsv'
[3.080s] INFO:colcon.colcon_core.shell:Creating environment hook '/home/robot/ws_aprendendo_ros2/src/entrega_de_kalman/install/entrega_de_kalman/share/entrega_de_kalman/hook/pythonpath.sh'
[3.080s] Level 1:colcon.colcon_core.environment:checking '/home/robot/ws_aprendendo_ros2/src/entrega_de_kalman/install/entrega_de_kalman/bin'
[3.080s] Level 1:colcon.colcon_core.environment:create_environment_scripts_only(entrega_de_kalman)
[3.082s] INFO:colcon.colcon_core.shell:Creating package script '/home/robot/ws_aprendendo_ros2/src/entrega_de_kalman/install/entrega_de_kalman/share/entrega_de_kalman/package.ps1'
[3.083s] INFO:colcon.colcon_core.shell:Creating package descriptor '/home/robot/ws_aprendendo_ros2/src/entrega_de_kalman/install/entrega_de_kalman/share/entrega_de_kalman/package.dsv'
[3.084s] INFO:colcon.colcon_core.shell:Creating package script '/home/robot/ws_aprendendo_ros2/src/entrega_de_kalman/install/entrega_de_kalman/share/entrega_de_kalman/package.sh'
[3.086s] INFO:colcon.colcon_core.shell:Creating package script '/home/robot/ws_aprendendo_ros2/src/entrega_de_kalman/install/entrega_de_kalman/share/entrega_de_kalman/package.bash'
[3.087s] INFO:colcon.colcon_core.shell:Creating package script '/home/robot/ws_aprendendo_ros2/src/entrega_de_kalman/install/entrega_de_kalman/share/entrega_de_kalman/package.zsh'
[3.087s] Level 1:colcon.colcon_core.environment:create_file_with_runtime_dependencies(/home/robot/ws_aprendendo_ros2/src/entrega_de_kalman/install/entrega_de_kalman/share/colcon-core/packages/entrega_de_kalman)
[3.089s] DEBUG:colcon.colcon_parallel_executor.executor.parallel:closing loop
[3.089s] DEBUG:colcon.colcon_parallel_executor.executor.parallel:loop closed
[3.089s] DEBUG:colcon.colcon_parallel_executor.executor.parallel:run_until_complete finished with '0'
[3.089s] DEBUG:colcon.colcon_core.event_reactor:joining thread
[3.097s] INFO:colcon.colcon_core.plugin_system:Skipping extension 'colcon_notification.desktop_notification.notify_send': Could not find 'notify-send'
[3.097s] INFO:colcon.colcon_core.plugin_system:Skipping extension 'colcon_notification.desktop_notification.terminal_notifier': Not used on non-Darwin systems
[3.097s] INFO:colcon.colcon_core.plugin_system:Skipping extension 'colcon_notification.desktop_notification.win32': Not used on non-Windows systems
[3.097s] INFO:colcon.colcon_notification.desktop_notification:Sending desktop notification using 'notify2'
[3.101s] DEBUG:colcon.colcon_notification.desktop_notification.notify2:Failed to initialize notify2: org.freedesktop.DBus.Error.Spawn.ExecFailed: /usr/bin/dbus-launch terminated abnormally without any error message
[3.102s] DEBUG:colcon.colcon_core.event_reactor:joined thread
[3.104s] INFO:colcon.colcon_core.shell:Creating prefix script '/home/robot/ws_aprendendo_ros2/src/entrega_de_kalman/install/local_setup.ps1'
[3.106s] INFO:colcon.colcon_core.shell:Creating prefix util module '/home/robot/ws_aprendendo_ros2/src/entrega_de_kalman/install/_local_setup_util_ps1.py'
[3.108s] INFO:colcon.colcon_core.shell:Creating prefix chain script '/home/robot/ws_aprendendo_ros2/src/entrega_de_kalman/install/setup.ps1'
[3.110s] INFO:colcon.colcon_core.shell:Creating prefix script '/home/robot/ws_aprendendo_ros2/src/entrega_de_kalman/install/local_setup.sh'
[3.110s] INFO:colcon.colcon_core.shell:Creating prefix util module '/home/robot/ws_aprendendo_ros2/src/entrega_de_kalman/install/_local_setup_util_sh.py'
[3.111s] INFO:colcon.colcon_core.shell:Creating prefix chain script '/home/robot/ws_aprendendo_ros2/src/entrega_de_kalman/install/setup.sh'
[3.113s] INFO:colcon.colcon_core.shell:Creating prefix script '/home/robot/ws_aprendendo_ros2/src/entrega_de_kalman/install/local_setup.bash'
[3.114s] INFO:colcon.colcon_core.shell:Creating prefix chain script '/home/robot/ws_aprendendo_ros2/src/entrega_de_kalman/install/setup.bash'
[3.117s] INFO:colcon.colcon_core.shell:Creating prefix script '/home/robot/ws_aprendendo_ros2/src/entrega_de_kalman/install/local_setup.zsh'
[3.117s] INFO:colcon.colcon_core.shell:Creating prefix chain script '/home/robot/ws_aprendendo_ros2/src/entrega_de_kalman/install/setup.zsh'
