running develop
Removing /home/robot/ws_aprendendo_ros2/src/install/entrega_de_kalman/lib/python3.10/site-packages/entrega-de-kalman.egg-link (link to .)
running egg_info
writing ../build/entrega_de_kalman/entrega_de_kalman.egg-info/PKG-INFO
writing dependency_links to ../build/entrega_de_kalman/entrega_de_kalman.egg-info/dependency_links.txt
writing entry points to ../build/entrega_de_kalman/entrega_de_kalman.egg-info/entry_points.txt
writing requirements to ../build/entrega_de_kalman/entrega_de_kalman.egg-info/requires.txt
writing top-level names to ../build/entrega_de_kalman/entrega_de_kalman.egg-info/top_level.txt
reading manifest file '../build/entrega_de_kalman/entrega_de_kalman.egg-info/SOURCES.txt'
writing manifest file '../build/entrega_de_kalman/entrega_de_kalman.egg-info/SOURCES.txt'
running build
running build_py
creating /home/robot/ws_aprendendo_ros2/src/build/entrega_de_kalman/build
creating /home/robot/ws_aprendendo_ros2/src/build/entrega_de_kalman/build/lib
creating /home/robot/ws_aprendendo_ros2/src/build/entrega_de_kalman/build/lib/entrega_de_kalman
copying entrega_de_kalman/__init__.py -> /home/robot/ws_aprendendo_ros2/src/build/entrega_de_kalman/build/lib/entrega_de_kalman
copying entrega_de_kalman/r2d2.py -> /home/robot/ws_aprendendo_ros2/src/build/entrega_de_kalman/build/lib/entrega_de_kalman
running install
running install_lib
creating /home/robot/ws_aprendendo_ros2/src/install/entrega_de_kalman/lib/python3.10/site-packages/entrega_de_kalman
copying /home/robot/ws_aprendendo_ros2/src/build/entrega_de_kalman/build/lib/entrega_de_kalman/__init__.py -> /home/robot/ws_aprendendo_ros2/src/install/entrega_de_kalman/lib/python3.10/site-packages/entrega_de_kalman
copying /home/robot/ws_aprendendo_ros2/src/build/entrega_de_kalman/build/lib/entrega_de_kalman/r2d2.py -> /home/robot/ws_aprendendo_ros2/src/install/entrega_de_kalman/lib/python3.10/site-packages/entrega_de_kalman
byte-compiling /home/robot/ws_aprendendo_ros2/src/install/entrega_de_kalman/lib/python3.10/site-packages/entrega_de_kalman/__init__.py to __init__.cpython-310.pyc
byte-compiling /home/robot/ws_aprendendo_ros2/src/install/entrega_de_kalman/lib/python3.10/site-packages/entrega_de_kalman/r2d2.py to r2d2.cpython-310.pyc
running install_data
running install_egg_info
Copying ../build/entrega_de_kalman/entrega_de_kalman.egg-info to /home/robot/ws_aprendendo_ros2/src/install/entrega_de_kalman/lib/python3.10/site-packages/entrega_de_kalman-0.0.0-py3.10.egg-info
running install_scripts
Installing r2d2 script to /home/robot/ws_aprendendo_ros2/src/install/entrega_de_kalman/lib/entrega_de_kalman
writing list of installed files to '/home/robot/ws_aprendendo_ros2/src/build/entrega_de_kalman/install.log'
